#
# There is insufficient memory for the Java Runtime Environment to continue.
# Native memory allocation (mmap) failed to map 402653184 bytes. Error detail: G1 virtual space
# Possible reasons:
#   The system is out of physical RAM or swap space
#   This process is running with CompressedOops enabled, and the Java Heap may be blocking the growth of the native heap
# Possible solutions:
#   Reduce memory load on the system
#   Increase physical memory or swap space
#   Check if swap backing store is full
#   Decrease Java heap size (-Xmx/-Xms)
#   Decrease number of Java threads
#   Decrease Java thread stack sizes (-Xss)
#   Set larger code cache with -XX:ReservedCodeCacheSize=
#   JVM is running with Zero Based Compressed Oops mode in which the Java heap is
#     placed in the first 32GB address space. The Java Heap base address is the
#     maximum limit for the native heap growth. Please use -XX:HeapBaseMinAddress
#     to set the Java Heap base and to place the Java Heap above 32GB virtual address.
# This output file may be truncated or incomplete.
#
#  Out of Memory Error (os_windows.cpp:3825), pid=23316, tid=20644
#
# JRE version:  (17.0.12+1) (build )
# Java VM: OpenJDK 64-Bit Server VM (17.0.12+1-b1207.37, mixed mode, emulated-client, sharing, tiered, compressed oops, compressed class ptrs, g1 gc, windows-amd64)
# No core dump will be written. Minidumps are not enabled by default on client versions of Windows
#

---------------  S U M M A R Y ------------

Command Line: -XX:TieredStopAtLevel=1 -Dspring.output.ansi.enabled=always -Dcom.sun.management.jmxremote -Dspring.jmx.enabled=true -Dspring.liveBeansView.mbeanDomain -Dspring.application.admin.enabled=true -Dmanagement.endpoints.jmx.exposure.include=* -javaagent:C:\Program Files\JetBrains\IntelliJ IDEA 2024.3.1\lib\idea_rt.jar=57839:C:\Program Files\JetBrains\IntelliJ IDEA 2024.3.1\bin -Dfile.encoding=UTF-8 com.milenyumsoft.hotels_service.HotelsServiceApplication

Host: 11th Gen Intel(R) Core(TM) i7-11800H @ 2.30GHz, 16 cores, 23G,  Windows 11 , 64 bit Build 26100 (10.0.26100.2454)
Time: Thu Feb  6 12:37:19 2025 SA Pacific Standard Time elapsed time: 1.905172 seconds (0d 0h 0m 1s)

---------------  T H R E A D  ---------------

Current thread (0x000001e9e7af9870):  JavaThread "Unknown thread" [_thread_in_vm, id=20644, stack(0x000000849de00000,0x000000849df00000)]

Stack: [0x000000849de00000,0x000000849df00000]
Native frames: (J=compiled Java code, j=interpreted, Vv=VM code, C=native code)
V  [jvm.dll+0x689d89]  os::platform_print_native_stack+0xd9  (os_windows_x86.cpp:235)
V  [jvm.dll+0x84386a]  VMError::report+0xc6a  (vmError.cpp:868)
V  [jvm.dll+0x8454ee]  VMError::report_and_die+0x78e  (vmError.cpp:1766)
V  [jvm.dll+0x845b53]  VMError::report_and_die+0x43  (vmError.cpp:1552)
V  [jvm.dll+0x24a56f]  report_vm_out_of_memory+0x8f  (debug.cpp:321)
V  [jvm.dll+0x686ad9]  os::pd_commit_memory_or_exit+0xc9  (os_windows.cpp:3833)
V  [jvm.dll+0x67b3da]  os::commit_memory_or_exit+0x2a  (os.cpp:1740)
V  [jvm.dll+0x30b15b]  G1PageBasedVirtualSpace::commit+0x19b  (g1PageBasedVirtualSpace.cpp:204)
V  [jvm.dll+0x312646]  G1RegionsLargerThanCommitSizeMapper::commit_regions+0x96  (g1RegionToSpaceMapper.cpp:100)
V  [jvm.dll+0x36288e]  HeapRegionManager::expand_any+0xee  (heapRegionManager.cpp:363)
V  [jvm.dll+0x362acf]  HeapRegionManager::expand_by+0x7f  (heapRegionManager.cpp:380)
V  [jvm.dll+0x2e125c]  G1CollectedHeap::expand+0xbc  (g1CollectedHeap.cpp:1292)
V  [jvm.dll+0x2e21b4]  G1CollectedHeap::initialize+0x664  (g1CollectedHeap.cpp:1713)
V  [jvm.dll+0x81420b]  universe_init+0xbb  (universe.cpp:737)
V  [jvm.dll+0x370618]  init_globals+0x48  (init.cpp:131)
V  [jvm.dll+0x7f2b45]  Threads::create_vm+0x5e5  (thread.cpp:2909)
V  [jvm.dll+0x3f4aaf]  JNI_CreateJavaVM_inner+0x8f  (jni.cpp:3654)
V  [jvm.dll+0x3f6661]  JNI_CreateJavaVM+0x11  (jni.cpp:3746)
C  [jli.dll+0x528f]  JavaMain+0x113  (java.c:413)
C  [ucrtbase.dll+0x14ea0]
C  [KERNEL32.DLL+0x2e8d7]
C  [ntdll.dll+0xdfbcc]


---------------  P R O C E S S  ---------------

Threads class SMR info:
_java_thread_list=0x00007fff6a385fd8, length=0, elements={
}

Java Threads: ( => current thread )

Other Threads:
  0x000001e9e7b82960 GCTaskThread "GC Thread#0" [stack: 0x000000849df00000,0x000000849e000000] [id=22064]
  0x000001e9e7b912f0 ConcurrentGCThread "G1 Main Marker" [stack: 0x000000849e000000,0x000000849e100000] [id=8184]
  0x000001e9e7b92ad0 ConcurrentGCThread "G1 Conc#0" [stack: 0x000000849e100000,0x000000849e200000] [id=21976]

[error occurred during error reporting (printing all threads), id 0xc0000005, EXCEPTION_ACCESS_VIOLATION (0xc0000005) at pc=0x00007fff69b31ae7]

VM state: not at safepoint (not fully initialized)

VM Mutex/Monitor currently owned by a thread:  ([mutex/lock_event])
[0x000001e9e7af5040] Heap_lock - owner thread: 0x000001e9e7af9870

Heap address: 0x0000000683400000, size: 6092 MB, Compressed Oops mode: Zero based, Oop shift amount: 3

CDS archive(s) mapped at: [0x0000000000000000-0x0000000000000000-0x0000000000000000), size 0, SharedBaseAddress: 0x0000000800000000, ArchiveRelocationMode: 1.
Narrow klass base: 0x0000000000000000, Narrow klass shift: 0, Narrow klass range: 0x0

GC Precious Log:
<Empty>

Heap:
 garbage-first heap   total 0K, used 0K [0x0000000683400000, 0x0000000800000000)
  region size 4096K, 0 young (0K), 0 survivors (0K)
 Metaspace       used 0K, committed 0K, reserved 0K
  class space    used 0K, committed 0K, reserved 0K

Heap Regions: E=young(eden), S=young(survivor), O=old, HS=humongous(starts), HC=humongous(continues), CS=collection set, F=free, OA=open archive, CA=closed archive, TAMS=top-at-mark-start (previous, next)

Card table byte_map: [0x000001e9ef510000,0x000001e9f0100000] _byte_map_base: 0x000001e9ec0f6000

Marking Bits (Prev, Next): (CMBitMap*) 0x000001e9e7b83ea0, (CMBitMap*) 0x000001e9e7b83ee0
 Prev Bits: [0x000001e9f0cf0000, 0x000001e9f6c20000)
 Next Bits: [0x000001e9f6c20000, 0x000001e9fcb50000)

GC Heap History (0 events):
No events

Dll operation events (1 events):
Event: 0.005 Loaded shared library C:\Users\JEFFERSON\.jdks\jbr-17.0.12\bin\java.dll

Deoptimization events (0 events):
No events

Classes loaded (0 events):
No events

Classes unloaded (0 events):
No events

Classes redefined (0 events):
No events

Internal exceptions (0 events):
No events

VM Operations (0 events):
No events

Events (0 events):
No events


Dynamic libraries:
0x00007ff764840000 - 0x00007ff76484a000 	C:\Users\JEFFERSON\.jdks\jbr-17.0.12\bin\java.exe
0x00007ff81c6c0000 - 0x00007ff81c923000 	C:\WINDOWS\SYSTEM32\ntdll.dll
0x00007ff81a6f0000 - 0x00007ff81a7b8000 	C:\WINDOWS\System32\KERNEL32.DLL
0x00007ff819e00000 - 0x00007ff81a1b2000 	C:\WINDOWS\System32\KERNELBASE.dll
0x00007ff819cb0000 - 0x00007ff819dfb000 	C:\WINDOWS\System32\ucrtbase.dll
0x00007ff8030a0000 - 0x00007ff8030bb000 	C:\Users\JEFFERSON\.jdks\jbr-17.0.12\bin\VCRUNTIME140.dll
0x00007ffff29a0000 - 0x00007ffff29b7000 	C:\Users\JEFFERSON\.jdks\jbr-17.0.12\bin\jli.dll
0x00007ff81a520000 - 0x00007ff81a6e8000 	C:\WINDOWS\System32\USER32.dll
0x00007ff800fd0000 - 0x00007ff801260000 	C:\WINDOWS\WinSxS\amd64_microsoft.windows.common-controls_6595b64144ccf1df_6.0.26100.2454_none_3e0b68a2e331ad60\COMCTL32.dll
0x00007ff81a4f0000 - 0x00007ff81a517000 	C:\WINDOWS\System32\win32u.dll
0x00007ff81a980000 - 0x00007ff81a9aa000 	C:\WINDOWS\System32\GDI32.dll
0x00007ff81ac80000 - 0x00007ff81ad29000 	C:\WINDOWS\System32\msvcrt.dll
0x00007ff81a300000 - 0x00007ff81a42b000 	C:\WINDOWS\System32\gdi32full.dll
0x00007ff81a250000 - 0x00007ff81a2f3000 	C:\WINDOWS\System32\msvcp_win.dll
0x00007ff81a7c0000 - 0x00007ff81a7ef000 	C:\WINDOWS\System32\IMM32.DLL
0x00007ff809420000 - 0x00007ff80942c000 	C:\Users\JEFFERSON\.jdks\jbr-17.0.12\bin\vcruntime140_1.dll
0x00007fffc9c20000 - 0x00007fffc9cad000 	C:\Users\JEFFERSON\.jdks\jbr-17.0.12\bin\msvcp140.dll
0x00007fff69840000 - 0x00007fff6a4ca000 	C:\Users\JEFFERSON\.jdks\jbr-17.0.12\bin\server\jvm.dll
0x00007ff81c070000 - 0x00007ff81c124000 	C:\WINDOWS\System32\ADVAPI32.dll
0x00007ff81b820000 - 0x00007ff81b8c6000 	C:\WINDOWS\System32\sechost.dll
0x00007ff81ad30000 - 0x00007ff81ae46000 	C:\WINDOWS\System32\RPCRT4.dll
0x00007ff81a800000 - 0x00007ff81a874000 	C:\WINDOWS\System32\WS2_32.dll
0x00007ff818700000 - 0x00007ff81874e000 	C:\WINDOWS\SYSTEM32\POWRPROF.dll
0x00007ff811a70000 - 0x00007ff811a7b000 	C:\WINDOWS\SYSTEM32\VERSION.dll
0x00007ff807fc0000 - 0x00007ff807ff6000 	C:\WINDOWS\SYSTEM32\WINMM.dll
0x00007ff8186e0000 - 0x00007ff8186f4000 	C:\WINDOWS\SYSTEM32\UMPDC.dll
0x00007ff8189a0000 - 0x00007ff8189ba000 	C:\WINDOWS\SYSTEM32\kernel.appcore.dll
0x00007ff8057f0000 - 0x00007ff8057fa000 	C:\Users\JEFFERSON\.jdks\jbr-17.0.12\bin\jimage.dll
0x00007ff816f80000 - 0x00007ff8171c1000 	C:\WINDOWS\SYSTEM32\DBGHELP.DLL
0x00007ff81c210000 - 0x00007ff81c58e000 	C:\WINDOWS\System32\combase.dll
0x00007ff81c130000 - 0x00007ff81c206000 	C:\WINDOWS\System32\OLEAUT32.dll
0x00007ffffe500000 - 0x00007ffffe539000 	C:\WINDOWS\SYSTEM32\dbgcore.DLL
0x00007ff819a90000 - 0x00007ff819b29000 	C:\WINDOWS\System32\bcryptPrimitives.dll
0x00007ff802c20000 - 0x00007ff802c2e000 	C:\Users\JEFFERSON\.jdks\jbr-17.0.12\bin\instrument.dll
0x00007fffd2990000 - 0x00007fffd29b5000 	C:\Users\JEFFERSON\.jdks\jbr-17.0.12\bin\java.dll

dbghelp: loaded successfully - version: 4.0.5 - missing functions: none
symbol engine: initialized successfully - sym options: 0x614 - pdb path: .;C:\Users\JEFFERSON\.jdks\jbr-17.0.12\bin;C:\WINDOWS\SYSTEM32;C:\WINDOWS\WinSxS\amd64_microsoft.windows.common-controls_6595b64144ccf1df_6.0.26100.2454_none_3e0b68a2e331ad60;C:\Users\JEFFERSON\.jdks\jbr-17.0.12\bin\server

VM Arguments:
jvm_args: -XX:TieredStopAtLevel=1 -Dspring.output.ansi.enabled=always -Dcom.sun.management.jmxremote -Dspring.jmx.enabled=true -Dspring.liveBeansView.mbeanDomain -Dspring.application.admin.enabled=true -Dmanagement.endpoints.jmx.exposure.include=* -javaagent:C:\Program Files\JetBrains\IntelliJ IDEA 2024.3.1\lib\idea_rt.jar=57839:C:\Program Files\JetBrains\IntelliJ IDEA 2024.3.1\bin -Dfile.encoding=UTF-8 
java_command: com.milenyumsoft.hotels_service.HotelsServiceApplication
java_class_path (initial): C:\Users\JEFFERSON\Documents\NetBeansProjects\servico-administrar-ciudades-turisticas y hoteles\hotels-service\target\classes;C:\Users\JEFFERSON\.m2\repository\org\springframework\boot\spring-boot-starter-actuator\3.4.2\spring-boot-starter-actuator-3.4.2.jar;C:\Users\JEFFERSON\.m2\repository\org\springframework\boot\spring-boot-starter\3.4.2\spring-boot-starter-3.4.2.jar;C:\Users\JEFFERSON\.m2\repository\org\springframework\boot\spring-boot\3.4.2\spring-boot-3.4.2.jar;C:\Users\JEFFERSON\.m2\repository\org\springframework\boot\spring-boot-autoconfigure\3.4.2\spring-boot-autoconfigure-3.4.2.jar;C:\Users\JEFFERSON\.m2\repository\org\springframework\boot\spring-boot-starter-logging\3.4.2\spring-boot-starter-logging-3.4.2.jar;C:\Users\JEFFERSON\.m2\repository\ch\qos\logback\logback-classic\1.5.16\logback-classic-1.5.16.jar;C:\Users\JEFFERSON\.m2\repository\ch\qos\logback\logback-core\1.5.16\logback-core-1.5.16.jar;C:\Users\JEFFERSON\.m2\repository\org\apache\logging\log4j\log4j-to-slf4j\2.24.3\log4j-to-slf4j-2.24.3.jar;C:\Users\JEFFERSON\.m2\repository\org\apache\logging\log4j\log4j-api\2.24.3\log4j-api-2.24.3.jar;C:\Users\JEFFERSON\.m2\repository\org\slf4j\jul-to-slf4j\2.0.16\jul-to-slf4j-2.0.16.jar;C:\Users\JEFFERSON\.m2\repository\jakarta\annotation\jakarta.annotation-api\2.1.1\jakarta.annotation-api-2.1.1.jar;C:\Users\JEFFERSON\.m2\repository\org\yaml\snakeyaml\2.3\snakeyaml-2.3.jar;C:\Users\JEFFERSON\.m2\repository\org\springframework\boot\spring-boot-actuator-autoconfigure\3.4.2\spring-boot-actuator-autoconfigure-3.4.2.jar;C:\Users\JEFFERSON\.m2\repository\org\springframework\boot\spring-boot-actuator\3.4.2\spring-boot-actuator-3.4.2.jar;C:\Users\JEFFERSON\.m2\repository\com\fasterxml\jackson\core\jackson-databind\2.18.2\jackson-databind-2.18.2.jar;C:\Users\JEFFERSON\.m2\repository\com\fasterxml\jackson\datatype\jackson-datatype-jsr310\2.18.2\jackson-datatype-jsr310-2.18.2.jar;C:\Users\JEFFERSON\.m2\repository\io\micrometer\micrometer-o
Launcher Type: SUN_STANDARD

[Global flags]
     intx CICompilerCount                          = 12                                        {product} {ergonomic}
     uint ConcGCThreads                            = 3                                         {product} {ergonomic}
     uint G1ConcRefinementThreads                  = 13                                        {product} {ergonomic}
   size_t G1HeapRegionSize                         = 4194304                                   {product} {ergonomic}
    uintx GCDrainStackTargetSize                   = 64                                        {product} {ergonomic}
   size_t InitialHeapSize                          = 402653184                                 {product} {ergonomic}
     bool ManagementServer                         = true                                      {product} {command line}
   size_t MarkStackSize                            = 4194304                                   {product} {ergonomic}
   size_t MaxHeapSize                              = 6387924992                                {product} {ergonomic}
   size_t MinHeapDeltaBytes                        = 4194304                                   {product} {ergonomic}
   size_t MinHeapSize                              = 8388608                                   {product} {ergonomic}
    uintx NonProfiledCodeHeapSize                  = 0                                      {pd product} {ergonomic}
     bool ProfileInterpreter                       = false                                  {pd product} {command line}
    uintx ProfiledCodeHeapSize                     = 0                                      {pd product} {ergonomic}
   size_t SoftMaxHeapSize                          = 6387924992                             {manageable} {ergonomic}
     intx TieredStopAtLevel                        = 1                                         {product} {command line}
     bool UseCompressedClassPointers               = true                           {product lp64_product} {ergonomic}
     bool UseCompressedOops                        = true                           {product lp64_product} {ergonomic}
     bool UseG1GC                                  = true                                      {product} {ergonomic}
     bool UseLargePagesIndividualAllocation        = false                                  {pd product} {ergonomic}

Logging:
Log output configuration:
 #0: stdout all=warning uptime,level,tags
 #1: stderr all=off uptime,level,tags

Environment Variables:
PATH=C:\Program Files (x86)\VMware\VMware Workstation\bin\;C:\Program Files\Common Files\Oracle\Java\javapath;C:\WINDOWS\system32;C:\WINDOWS;C:\WINDOWS\System32\Wbem;C:\WINDOWS\System32\WindowsPowerShell\v1.0\;C:\WINDOWS\System32\OpenSSH\;C:\Program Files (x86)\NVIDIA Corporation\PhysX\Common;C:\Program Files\Git\cmd;C:\Program Files\Docker\Docker\resources\bin;C:\Program Files\NVIDIA Corporation\NVIDIA app\NvDLISR;C:\Program Files\dotnet\;C:\Users\JEFFERSON\AppData\Local\Programs\Python\Python313\Scripts\;C:\Users\JEFFERSON\AppData\Local\Programs\Python\Python313\;C:\Users\JEFFERSON\AppData\Local\Microsoft\WindowsApps;C:\Users\JEFFERSON\AppData\Local\Programs\Microsoft VS Code\bin;C:\Program Files\JetBrains\IntelliJ IDEA 2024.3.1\bin;;C:\Program Files\JetBrains\DataGrip 2024.3\bin;;C:\Program Files\JetBrains\PyCharm 2024.3\bin;
USERNAME=JEFFERSON
OS=Windows_NT
PROCESSOR_IDENTIFIER=Intel64 Family 6 Model 141 Stepping 1, GenuineIntel
TMP=C:\Users\JEFFER~1\AppData\Local\Temp
TEMP=C:\Users\JEFFER~1\AppData\Local\Temp



Periodic native trim disabled

JNI global refs:
JNI global refs: 0, weak refs: 0

JNI global refs memory usage: 0, weak refs: 0

Process memory usage:
Resident Set Size: 53820K (0% of 24943928K total physical memory with 8515748K free physical memory)

OOME stack traces (most recent first):
Classloader memory used:


---------------  S Y S T E M  ---------------

OS:
 Windows 11 , 64 bit Build 26100 (10.0.26100.2454)
OS uptime: 1 days 12:53 hours
Hyper-V role detected

CPU: total 16 (initial active 16) (8 cores per cpu, 2 threads per core) family 6 model 141 stepping 1 microcode 0x50, cx8, cmov, fxsr, ht, mmx, 3dnowpref, sse, sse2, sse3, ssse3, sse4.1, sse4.2, popcnt, lzcnt, tsc, tscinvbit, avx, avx2, aes, erms, clmul, bmi1, bmi2, adx, avx512f, avx512dq, avx512cd, avx512bw, avx512vl, sha, fma, vzeroupper, avx512_vpopcntdq, avx512_vpclmulqdq, avx512_vaes, avx512_vnni, clflush, clflushopt, clwb, avx512_vbmi2, avx512_vbmi, hv
Processor Information for all 16 processors :
  Max Mhz: 2304, Current Mhz: 2304, Mhz Limit: 2304

Memory: 4k page, system-wide physical 24359M (8316M free)
TotalPageFile size 26359M (AvailPageFile size 26M)
current process WorkingSet (physical memory assigned to process): 52M, peak: 52M
current process commit charge ("private bytes"): 105M, peak: 450M

vm_info: OpenJDK 64-Bit Server VM (17.0.12+1-b1207.37) for windows-amd64 JRE (17.0.12+1-b1207.37), built on 2024-09-25 by "builduser" with MS VC++ 16.10 / 16.11 (VS2019)

END.
